<?xml version="1.0" encoding="UTF-8"?>
<testsuite xmlns:xsi="http://www.w3.org/2001/XMLSchema-instance" xsi:noNamespaceSchemaLocation="https://maven.apache.org/surefire/maven-surefire-plugin/xsd/surefire-test-report-3.0.xsd" version="3.0" name="com.itheima.TliasWebManagementApplicationTests" time="3.513" tests="1" errors="0" skipped="0" failures="0">
  <properties>
    <property name="java.specification.version" value="21"/>
    <property name="sun.cpu.isalist" value="amd64"/>
    <property name="sun.jnu.encoding" value="GBK"/>
    <property name="java.class.path" value="D:\code\web-project01\tlias-web-management2\target\test-classes;D:\code\web-project01\tlias-web-management2\target\classes;D:\software\apache-maven-3.9.4\mvn_reppo\org\springframework\boot\spring-boot-starter-web\3.1.6\spring-boot-starter-web-3.1.6.jar;D:\software\apache-maven-3.9.4\mvn_reppo\org\springframework\boot\spring-boot-starter\3.1.6\spring-boot-starter-3.1.6.jar;D:\software\apache-maven-3.9.4\mvn_reppo\org\springframework\boot\spring-boot\3.1.6\spring-boot-3.1.6.jar;D:\software\apache-maven-3.9.4\mvn_reppo\org\springframework\boot\spring-boot-autoconfigure\3.1.6\spring-boot-autoconfigure-3.1.6.jar;D:\software\apache-maven-3.9.4\mvn_reppo\org\springframework\boot\spring-boot-starter-logging\3.1.6\spring-boot-starter-logging-3.1.6.jar;D:\software\apache-maven-3.9.4\mvn_reppo\ch\qos\logback\logback-classic\1.4.11\logback-classic-1.4.11.jar;D:\software\apache-maven-3.9.4\mvn_reppo\ch\qos\logback\logback-core\1.4.11\logback-core-1.4.11.jar;D:\software\apache-maven-3.9.4\mvn_reppo\org\apache\logging\log4j\log4j-to-slf4j\2.20.0\log4j-to-slf4j-2.20.0.jar;D:\software\apache-maven-3.9.4\mvn_reppo\org\apache\logging\log4j\log4j-api\2.20.0\log4j-api-2.20.0.jar;D:\software\apache-maven-3.9.4\mvn_reppo\org\slf4j\jul-to-slf4j\2.0.9\jul-to-slf4j-2.0.9.jar;D:\software\apache-maven-3.9.4\mvn_reppo\jakarta\annotation\jakarta.annotation-api\2.1.1\jakarta.annotation-api-2.1.1.jar;D:\software\apache-maven-3.9.4\mvn_reppo\org\yaml\snakeyaml\1.33\snakeyaml-1.33.jar;D:\software\apache-maven-3.9.4\mvn_reppo\org\springframework\boot\spring-boot-starter-json\3.1.6\spring-boot-starter-json-3.1.6.jar;D:\software\apache-maven-3.9.4\mvn_reppo\com\fasterxml\jackson\core\jackson-databind\2.15.3\jackson-databind-2.15.3.jar;D:\software\apache-maven-3.9.4\mvn_reppo\com\fasterxml\jackson\core\jackson-annotations\2.15.3\jackson-annotations-2.15.3.jar;D:\software\apache-maven-3.9.4\mvn_reppo\com\fasterxml\jackson\core\jackson-core\2.15.3\jackson-core-2.15.3.jar;D:\software\apache-maven-3.9.4\mvn_reppo\com\fasterxml\jackson\datatype\jackson-datatype-jdk8\2.15.3\jackson-datatype-jdk8-2.15.3.jar;D:\software\apache-maven-3.9.4\mvn_reppo\com\fasterxml\jackson\datatype\jackson-datatype-jsr310\2.15.3\jackson-datatype-jsr310-2.15.3.jar;D:\software\apache-maven-3.9.4\mvn_reppo\com\fasterxml\jackson\module\jackson-module-parameter-names\2.15.3\jackson-module-parameter-names-2.15.3.jar;D:\software\apache-maven-3.9.4\mvn_reppo\org\springframework\boot\spring-boot-starter-tomcat\3.1.6\spring-boot-starter-tomcat-3.1.6.jar;D:\software\apache-maven-3.9.4\mvn_reppo\org\apache\tomcat\embed\tomcat-embed-core\10.1.16\tomcat-embed-core-10.1.16.jar;D:\software\apache-maven-3.9.4\mvn_reppo\org\apache\tomcat\embed\tomcat-embed-el\10.1.16\tomcat-embed-el-10.1.16.jar;D:\software\apache-maven-3.9.4\mvn_reppo\org\apache\tomcat\embed\tomcat-embed-websocket\10.1.16\tomcat-embed-websocket-10.1.16.jar;D:\software\apache-maven-3.9.4\mvn_reppo\org\springframework\spring-web\6.0.14\spring-web-6.0.14.jar;D:\software\apache-maven-3.9.4\mvn_reppo\org\springframework\spring-beans\6.0.14\spring-beans-6.0.14.jar;D:\software\apache-maven-3.9.4\mvn_reppo\org\springframework\spring-webmvc\6.0.14\spring-webmvc-6.0.14.jar;D:\software\apache-maven-3.9.4\mvn_reppo\org\springframework\spring-aop\6.0.14\spring-aop-6.0.14.jar;D:\software\apache-maven-3.9.4\mvn_reppo\org\springframework\spring-context\6.0.14\spring-context-6.0.14.jar;D:\software\apache-maven-3.9.4\mvn_reppo\org\springframework\spring-expression\6.0.14\spring-expression-6.0.14.jar;D:\software\apache-maven-3.9.4\mvn_reppo\org\projectlombok\lombok\1.18.30\lombok-1.18.30.jar;D:\software\apache-maven-3.9.4\mvn_reppo\org\springframework\boot\spring-boot-starter-test\3.1.6\spring-boot-starter-test-3.1.6.jar;D:\software\apache-maven-3.9.4\mvn_reppo\org\springframework\boot\spring-boot-test\3.1.6\spring-boot-test-3.1.6.jar;D:\software\apache-maven-3.9.4\mvn_reppo\org\springframework\boot\spring-boot-test-autoconfigure\3.1.6\spring-boot-test-autoconfigure-3.1.6.jar;D:\software\apache-maven-3.9.4\mvn_reppo\com\jayway\jsonpath\json-path\2.8.0\json-path-2.8.0.jar;D:\software\apache-maven-3.9.4\mvn_reppo\org\slf4j\slf4j-api\2.0.9\slf4j-api-2.0.9.jar;D:\software\apache-maven-3.9.4\mvn_reppo\jakarta\xml\bind\jakarta.xml.bind-api\4.0.1\jakarta.xml.bind-api-4.0.1.jar;D:\software\apache-maven-3.9.4\mvn_reppo\jakarta\activation\jakarta.activation-api\2.1.2\jakarta.activation-api-2.1.2.jar;D:\software\apache-maven-3.9.4\mvn_reppo\net\minidev\json-smart\2.4.11\json-smart-2.4.11.jar;D:\software\apache-maven-3.9.4\mvn_reppo\net\minidev\accessors-smart\2.4.11\accessors-smart-2.4.11.jar;D:\software\apache-maven-3.9.4\mvn_reppo\org\ow2\asm\asm\9.3\asm-9.3.jar;D:\software\apache-maven-3.9.4\mvn_reppo\org\assertj\assertj-core\3.24.2\assertj-core-3.24.2.jar;D:\software\apache-maven-3.9.4\mvn_reppo\net\bytebuddy\byte-buddy\1.14.10\byte-buddy-1.14.10.jar;D:\software\apache-maven-3.9.4\mvn_reppo\org\hamcrest\hamcrest\2.2\hamcrest-2.2.jar;D:\software\apache-maven-3.9.4\mvn_reppo\org\junit\jupiter\junit-jupiter\5.9.3\junit-jupiter-5.9.3.jar;D:\software\apache-maven-3.9.4\mvn_reppo\org\junit\jupiter\junit-jupiter-api\5.9.3\junit-jupiter-api-5.9.3.jar;D:\software\apache-maven-3.9.4\mvn_reppo\org\opentest4j\opentest4j\1.2.0\opentest4j-1.2.0.jar;D:\software\apache-maven-3.9.4\mvn_reppo\org\junit\platform\junit-platform-commons\1.9.3\junit-platform-commons-1.9.3.jar;D:\software\apache-maven-3.9.4\mvn_reppo\org\apiguardian\apiguardian-api\1.1.2\apiguardian-api-1.1.2.jar;D:\software\apache-maven-3.9.4\mvn_reppo\org\junit\jupiter\junit-jupiter-params\5.9.3\junit-jupiter-params-5.9.3.jar;D:\software\apache-maven-3.9.4\mvn_reppo\org\junit\jupiter\junit-jupiter-engine\5.9.3\junit-jupiter-engine-5.9.3.jar;D:\software\apache-maven-3.9.4\mvn_reppo\org\junit\platform\junit-platform-engine\1.9.3\junit-platform-engine-1.9.3.jar;D:\software\apache-maven-3.9.4\mvn_reppo\org\mockito\mockito-core\5.3.1\mockito-core-5.3.1.jar;D:\software\apache-maven-3.9.4\mvn_reppo\net\bytebuddy\byte-buddy-agent\1.14.10\byte-buddy-agent-1.14.10.jar;D:\software\apache-maven-3.9.4\mvn_reppo\org\objenesis\objenesis\3.3\objenesis-3.3.jar;D:\software\apache-maven-3.9.4\mvn_reppo\org\mockito\mockito-junit-jupiter\5.3.1\mockito-junit-jupiter-5.3.1.jar;D:\software\apache-maven-3.9.4\mvn_reppo\org\skyscreamer\jsonassert\1.5.1\jsonassert-1.5.1.jar;D:\software\apache-maven-3.9.4\mvn_reppo\com\vaadin\external\google\android-json\0.0.20131108.vaadin1\android-json-0.0.20131108.vaadin1.jar;D:\software\apache-maven-3.9.4\mvn_reppo\org\springframework\spring-core\6.0.14\spring-core-6.0.14.jar;D:\software\apache-maven-3.9.4\mvn_reppo\org\springframework\spring-jcl\6.0.14\spring-jcl-6.0.14.jar;D:\software\apache-maven-3.9.4\mvn_reppo\org\springframework\spring-test\6.0.14\spring-test-6.0.14.jar;D:\software\apache-maven-3.9.4\mvn_reppo\org\xmlunit\xmlunit-core\2.9.1\xmlunit-core-2.9.1.jar;D:\software\apache-maven-3.9.4\mvn_reppo\commons-io\commons-io\2.11.0\commons-io-2.11.0.jar;D:\software\apache-maven-3.9.4\mvn_reppo\org\springframework\boot\spring-boot-starter-actuator\3.1.6\spring-boot-starter-actuator-3.1.6.jar;D:\software\apache-maven-3.9.4\mvn_reppo\org\springframework\boot\spring-boot-actuator-autoconfigure\3.1.6\spring-boot-actuator-autoconfigure-3.1.6.jar;D:\software\apache-maven-3.9.4\mvn_reppo\org\springframework\boot\spring-boot-actuator\3.1.6\spring-boot-actuator-3.1.6.jar;D:\software\apache-maven-3.9.4\mvn_reppo\io\micrometer\micrometer-observation\1.11.6\micrometer-observation-1.11.6.jar;D:\software\apache-maven-3.9.4\mvn_reppo\io\micrometer\micrometer-commons\1.11.6\micrometer-commons-1.11.6.jar;D:\software\apache-maven-3.9.4\mvn_reppo\io\micrometer\micrometer-core\1.11.6\micrometer-core-1.11.6.jar;D:\software\apache-maven-3.9.4\mvn_reppo\org\hdrhistogram\HdrHistogram\2.1.12\HdrHistogram-2.1.12.jar;D:\software\apache-maven-3.9.4\mvn_reppo\org\latencyutils\LatencyUtils\2.0.3\LatencyUtils-2.0.3.jar;"/>
    <property name="java.vm.vendor" value="Azul Systems, Inc."/>
    <property name="sun.arch.data.model" value="64"/>
    <property name="user.variant" value=""/>
    <property name="java.vendor.url" value="http://www.azul.com/"/>
    <property name="user.timezone" value="Asia/Shanghai"/>
    <property name="os.name" value="Windows 11"/>
    <property name="java.vm.specification.version" value="21"/>
    <property name="sun.java.launcher" value="SUN_STANDARD"/>
    <property name="user.country" value="CN"/>
    <property name="sun.boot.library.path" value="D:\env\JavaJDK\.jdks\azul-21.0.6\bin"/>
    <property name="sun.java.command" value="C:\Users\XDH\AppData\Local\Temp\surefire3966085983290743812\surefirebooter-20250328152800010_3.jar C:\Users\XDH\AppData\Local\Temp\surefire3966085983290743812 2025-03-28T15-27-51_525-jvmRun1 surefire-20250328152800010_1tmp surefire_0-20250328152800010_2tmp"/>
    <property name="jdk.debug" value="release"/>
    <property name="surefire.test.class.path" value="D:\code\web-project01\tlias-web-management2\target\test-classes;D:\code\web-project01\tlias-web-management2\target\classes;D:\software\apache-maven-3.9.4\mvn_reppo\org\springframework\boot\spring-boot-starter-web\3.1.6\spring-boot-starter-web-3.1.6.jar;D:\software\apache-maven-3.9.4\mvn_reppo\org\springframework\boot\spring-boot-starter\3.1.6\spring-boot-starter-3.1.6.jar;D:\software\apache-maven-3.9.4\mvn_reppo\org\springframework\boot\spring-boot\3.1.6\spring-boot-3.1.6.jar;D:\software\apache-maven-3.9.4\mvn_reppo\org\springframework\boot\spring-boot-autoconfigure\3.1.6\spring-boot-autoconfigure-3.1.6.jar;D:\software\apache-maven-3.9.4\mvn_reppo\org\springframework\boot\spring-boot-starter-logging\3.1.6\spring-boot-starter-logging-3.1.6.jar;D:\software\apache-maven-3.9.4\mvn_reppo\ch\qos\logback\logback-classic\1.4.11\logback-classic-1.4.11.jar;D:\software\apache-maven-3.9.4\mvn_reppo\ch\qos\logback\logback-core\1.4.11\logback-core-1.4.11.jar;D:\software\apache-maven-3.9.4\mvn_reppo\org\apache\logging\log4j\log4j-to-slf4j\2.20.0\log4j-to-slf4j-2.20.0.jar;D:\software\apache-maven-3.9.4\mvn_reppo\org\apache\logging\log4j\log4j-api\2.20.0\log4j-api-2.20.0.jar;D:\software\apache-maven-3.9.4\mvn_reppo\org\slf4j\jul-to-slf4j\2.0.9\jul-to-slf4j-2.0.9.jar;D:\software\apache-maven-3.9.4\mvn_reppo\jakarta\annotation\jakarta.annotation-api\2.1.1\jakarta.annotation-api-2.1.1.jar;D:\software\apache-maven-3.9.4\mvn_reppo\org\yaml\snakeyaml\1.33\snakeyaml-1.33.jar;D:\software\apache-maven-3.9.4\mvn_reppo\org\springframework\boot\spring-boot-starter-json\3.1.6\spring-boot-starter-json-3.1.6.jar;D:\software\apache-maven-3.9.4\mvn_reppo\com\fasterxml\jackson\core\jackson-databind\2.15.3\jackson-databind-2.15.3.jar;D:\software\apache-maven-3.9.4\mvn_reppo\com\fasterxml\jackson\core\jackson-annotations\2.15.3\jackson-annotations-2.15.3.jar;D:\software\apache-maven-3.9.4\mvn_reppo\com\fasterxml\jackson\core\jackson-core\2.15.3\jackson-core-2.15.3.jar;D:\software\apache-maven-3.9.4\mvn_reppo\com\fasterxml\jackson\datatype\jackson-datatype-jdk8\2.15.3\jackson-datatype-jdk8-2.15.3.jar;D:\software\apache-maven-3.9.4\mvn_reppo\com\fasterxml\jackson\datatype\jackson-datatype-jsr310\2.15.3\jackson-datatype-jsr310-2.15.3.jar;D:\software\apache-maven-3.9.4\mvn_reppo\com\fasterxml\jackson\module\jackson-module-parameter-names\2.15.3\jackson-module-parameter-names-2.15.3.jar;D:\software\apache-maven-3.9.4\mvn_reppo\org\springframework\boot\spring-boot-starter-tomcat\3.1.6\spring-boot-starter-tomcat-3.1.6.jar;D:\software\apache-maven-3.9.4\mvn_reppo\org\apache\tomcat\embed\tomcat-embed-core\10.1.16\tomcat-embed-core-10.1.16.jar;D:\software\apache-maven-3.9.4\mvn_reppo\org\apache\tomcat\embed\tomcat-embed-el\10.1.16\tomcat-embed-el-10.1.16.jar;D:\software\apache-maven-3.9.4\mvn_reppo\org\apache\tomcat\embed\tomcat-embed-websocket\10.1.16\tomcat-embed-websocket-10.1.16.jar;D:\software\apache-maven-3.9.4\mvn_reppo\org\springframework\spring-web\6.0.14\spring-web-6.0.14.jar;D:\software\apache-maven-3.9.4\mvn_reppo\org\springframework\spring-beans\6.0.14\spring-beans-6.0.14.jar;D:\software\apache-maven-3.9.4\mvn_reppo\org\springframework\spring-webmvc\6.0.14\spring-webmvc-6.0.14.jar;D:\software\apache-maven-3.9.4\mvn_reppo\org\springframework\spring-aop\6.0.14\spring-aop-6.0.14.jar;D:\software\apache-maven-3.9.4\mvn_reppo\org\springframework\spring-context\6.0.14\spring-context-6.0.14.jar;D:\software\apache-maven-3.9.4\mvn_reppo\org\springframework\spring-expression\6.0.14\spring-expression-6.0.14.jar;D:\software\apache-maven-3.9.4\mvn_reppo\org\projectlombok\lombok\1.18.30\lombok-1.18.30.jar;D:\software\apache-maven-3.9.4\mvn_reppo\org\springframework\boot\spring-boot-starter-test\3.1.6\spring-boot-starter-test-3.1.6.jar;D:\software\apache-maven-3.9.4\mvn_reppo\org\springframework\boot\spring-boot-test\3.1.6\spring-boot-test-3.1.6.jar;D:\software\apache-maven-3.9.4\mvn_reppo\org\springframework\boot\spring-boot-test-autoconfigure\3.1.6\spring-boot-test-autoconfigure-3.1.6.jar;D:\software\apache-maven-3.9.4\mvn_reppo\com\jayway\jsonpath\json-path\2.8.0\json-path-2.8.0.jar;D:\software\apache-maven-3.9.4\mvn_reppo\org\slf4j\slf4j-api\2.0.9\slf4j-api-2.0.9.jar;D:\software\apache-maven-3.9.4\mvn_reppo\jakarta\xml\bind\jakarta.xml.bind-api\4.0.1\jakarta.xml.bind-api-4.0.1.jar;D:\software\apache-maven-3.9.4\mvn_reppo\jakarta\activation\jakarta.activation-api\2.1.2\jakarta.activation-api-2.1.2.jar;D:\software\apache-maven-3.9.4\mvn_reppo\net\minidev\json-smart\2.4.11\json-smart-2.4.11.jar;D:\software\apache-maven-3.9.4\mvn_reppo\net\minidev\accessors-smart\2.4.11\accessors-smart-2.4.11.jar;D:\software\apache-maven-3.9.4\mvn_reppo\org\ow2\asm\asm\9.3\asm-9.3.jar;D:\software\apache-maven-3.9.4\mvn_reppo\org\assertj\assertj-core\3.24.2\assertj-core-3.24.2.jar;D:\software\apache-maven-3.9.4\mvn_reppo\net\bytebuddy\byte-buddy\1.14.10\byte-buddy-1.14.10.jar;D:\software\apache-maven-3.9.4\mvn_reppo\org\hamcrest\hamcrest\2.2\hamcrest-2.2.jar;D:\software\apache-maven-3.9.4\mvn_reppo\org\junit\jupiter\junit-jupiter\5.9.3\junit-jupiter-5.9.3.jar;D:\software\apache-maven-3.9.4\mvn_reppo\org\junit\jupiter\junit-jupiter-api\5.9.3\junit-jupiter-api-5.9.3.jar;D:\software\apache-maven-3.9.4\mvn_reppo\org\opentest4j\opentest4j\1.2.0\opentest4j-1.2.0.jar;D:\software\apache-maven-3.9.4\mvn_reppo\org\junit\platform\junit-platform-commons\1.9.3\junit-platform-commons-1.9.3.jar;D:\software\apache-maven-3.9.4\mvn_reppo\org\apiguardian\apiguardian-api\1.1.2\apiguardian-api-1.1.2.jar;D:\software\apache-maven-3.9.4\mvn_reppo\org\junit\jupiter\junit-jupiter-params\5.9.3\junit-jupiter-params-5.9.3.jar;D:\software\apache-maven-3.9.4\mvn_reppo\org\junit\jupiter\junit-jupiter-engine\5.9.3\junit-jupiter-engine-5.9.3.jar;D:\software\apache-maven-3.9.4\mvn_reppo\org\junit\platform\junit-platform-engine\1.9.3\junit-platform-engine-1.9.3.jar;D:\software\apache-maven-3.9.4\mvn_reppo\org\mockito\mockito-core\5.3.1\mockito-core-5.3.1.jar;D:\software\apache-maven-3.9.4\mvn_reppo\net\bytebuddy\byte-buddy-agent\1.14.10\byte-buddy-agent-1.14.10.jar;D:\software\apache-maven-3.9.4\mvn_reppo\org\objenesis\objenesis\3.3\objenesis-3.3.jar;D:\software\apache-maven-3.9.4\mvn_reppo\org\mockito\mockito-junit-jupiter\5.3.1\mockito-junit-jupiter-5.3.1.jar;D:\software\apache-maven-3.9.4\mvn_reppo\org\skyscreamer\jsonassert\1.5.1\jsonassert-1.5.1.jar;D:\software\apache-maven-3.9.4\mvn_reppo\com\vaadin\external\google\android-json\0.0.20131108.vaadin1\android-json-0.0.20131108.vaadin1.jar;D:\software\apache-maven-3.9.4\mvn_reppo\org\springframework\spring-core\6.0.14\spring-core-6.0.14.jar;D:\software\apache-maven-3.9.4\mvn_reppo\org\springframework\spring-jcl\6.0.14\spring-jcl-6.0.14.jar;D:\software\apache-maven-3.9.4\mvn_reppo\org\springframework\spring-test\6.0.14\spring-test-6.0.14.jar;D:\software\apache-maven-3.9.4\mvn_reppo\org\xmlunit\xmlunit-core\2.9.1\xmlunit-core-2.9.1.jar;D:\software\apache-maven-3.9.4\mvn_reppo\commons-io\commons-io\2.11.0\commons-io-2.11.0.jar;D:\software\apache-maven-3.9.4\mvn_reppo\org\springframework\boot\spring-boot-starter-actuator\3.1.6\spring-boot-starter-actuator-3.1.6.jar;D:\software\apache-maven-3.9.4\mvn_reppo\org\springframework\boot\spring-boot-actuator-autoconfigure\3.1.6\spring-boot-actuator-autoconfigure-3.1.6.jar;D:\software\apache-maven-3.9.4\mvn_reppo\org\springframework\boot\spring-boot-actuator\3.1.6\spring-boot-actuator-3.1.6.jar;D:\software\apache-maven-3.9.4\mvn_reppo\io\micrometer\micrometer-observation\1.11.6\micrometer-observation-1.11.6.jar;D:\software\apache-maven-3.9.4\mvn_reppo\io\micrometer\micrometer-commons\1.11.6\micrometer-commons-1.11.6.jar;D:\software\apache-maven-3.9.4\mvn_reppo\io\micrometer\micrometer-core\1.11.6\micrometer-core-1.11.6.jar;D:\software\apache-maven-3.9.4\mvn_reppo\org\hdrhistogram\HdrHistogram\2.1.12\HdrHistogram-2.1.12.jar;D:\software\apache-maven-3.9.4\mvn_reppo\org\latencyutils\LatencyUtils\2.0.3\LatencyUtils-2.0.3.jar;"/>
    <property name="sun.cpu.endian" value="little"/>
    <property name="user.home" value="C:\Users\XDH"/>
    <property name="user.language" value="zh"/>
    <property name="java.specification.vendor" value="Oracle Corporation"/>
    <property name="java.version.date" value="2025-01-21"/>
    <property name="java.home" value="D:\env\JavaJDK\.jdks\azul-21.0.6"/>
    <property name="file.separator" value="\"/>
    <property name="basedir" value="D:\code\web-project01\tlias-web-management2"/>
    <property name="java.vm.compressedOopsMode" value="Zero based"/>
    <property name="line.separator" value="&#10;"/>
    <property name="java.vm.specification.vendor" value="Oracle Corporation"/>
    <property name="java.specification.name" value="Java Platform API Specification"/>
    <property name="FILE_LOG_CHARSET" value="UTF-8"/>
    <property name="java.awt.headless" value="true"/>
    <property name="surefire.real.class.path" value="C:\Users\XDH\AppData\Local\Temp\surefire3966085983290743812\surefirebooter-20250328152800010_3.jar"/>
    <property name="user.script" value=""/>
    <property name="sun.management.compiler" value="HotSpot 64-Bit Tiered Compilers"/>
    <property name="java.runtime.version" value="21.0.6+7-LTS"/>
    <property name="user.name" value="XDH"/>
    <property name="stdout.encoding" value="GBK"/>
    <property name="path.separator" value=";"/>
    <property name="os.version" value="10.0"/>
    <property name="java.runtime.name" value="OpenJDK Runtime Environment"/>
    <property name="file.encoding" value="UTF-8"/>
    <property name="java.vm.name" value="OpenJDK 64-Bit Server VM"/>
    <property name="java.vendor.version" value="Zulu21.40+17-CA"/>
    <property name="localRepository" value="D:\software\apache-maven-3.9.4\mvn_reppo"/>
    <property name="java.vendor.url.bug" value="http://www.azul.com/support/"/>
    <property name="java.io.tmpdir" value="C:\Users\XDH\AppData\Local\Temp\"/>
    <property name="idea.version" value="2024.1"/>
    <property name="java.version" value="21.0.6"/>
    <property name="user.dir" value="D:\code\web-project01\tlias-web-management2"/>
    <property name="os.arch" value="amd64"/>
    <property name="java.vm.specification.name" value="Java Virtual Machine Specification"/>
    <property name="PID" value="29864"/>
    <property name="sun.os.patch.level" value=""/>
    <property name="CONSOLE_LOG_CHARSET" value="UTF-8"/>
    <property name="native.encoding" value="GBK"/>
    <property name="java.library.path" value="D:\env\JavaJDK\.jdks\azul-21.0.6\bin;C:\Windows\Sun\Java\bin;C:\Windows\system32;C:\Windows;C:\Program Files\Common Files\Oracle\Java\javapath;D:\Program Files (x86)\VMware\VMware Player\bin\;C:\Python311\Scripts\;C:\Python311\;C:\Windows\system32;C:\Windows;C:\Windows\System32\Wbem;C:\Windows\System32\WindowsPowerShell\v1.0\;C:\Windows\System32\OpenSSH\;C:\ProgramData\chocolatey\bin;C:\Program Files\Git\cmd;D:\nvm;D:\nodejs;C:\Program Files (x86)\Tencent\微信web开发者工具\dll;C:\Program Files (x86)\NetSarang\Xshell 7\;D:\software\Redis-X64-5.0.14.1\;D:\env\mysql-8.0.34-winx64\bin;d:\Program Files\Dart\dart-sdk\bin;C:\Program Files\Java\jdk-11\bin;D:\software\MongoDB\Server\6.0\bin;d:\Program Files (x86)\Tencent\微信web开发者工具\dll;C:\Program Files\Docker\Docker\resources\bin;D:\Go\bin;D:\software\apache-maven-3.9.4\bin;C:\Program Files (x86)\NetSarang\Xshell 8\;C:\Users\XDH\AppData\Local\Programs\Python\Python312\Scripts\;C:\Users\XDH\AppData\Local\Programs\Python\Python312\;C:\Users\XDH\AppData\Local\Microsoft\WindowsApps;C:\Users\XDH\AppData\Local\Programs\Microsoft VS Code\bin;D:\nvm;D:\nodejs;C:\MinGW\bin;C:\Users\XDH\AppData\Local\Programs\Fiddler;d:\Program Files\JetBrains\IntelliJ IDEA Community Edition 2023.1\bin;;D:\env\flutter\bin;D:\software\MongoDB\bin;D:\software\DevEco Studio\bin;;D:\software\command-line-tools\ohpm\bin;C:\Users\XDH\go\bin;C:\Users\XDH\AppData\Local\Programs\cursor\resources\app\bin;D:\software\IntelliJ IDEA 2024.1\bin;;D:\software\DataGrip 2023.1\bin;;."/>
    <property name="java.vm.info" value="mixed mode, sharing"/>
    <property name="stderr.encoding" value="GBK"/>
    <property name="java.vendor" value="Azul Systems, Inc."/>
    <property name="java.vm.version" value="21.0.6+7-LTS"/>
    <property name="sun.io.unicode.encoding" value="UnicodeLittle"/>
    <property name="java.class.version" value="65.0"/>
  </properties>
  <testcase name="contextLoads" classname="com.itheima.TliasWebManagementApplicationTests" time="0.967">
    <system-out><![CDATA[15:28:01.154 [main] INFO org.springframework.test.context.support.AnnotationConfigContextLoaderUtils -- Could not detect default configuration classes for test class [com.itheima.TliasWebManagementApplicationTests]: TliasWebManagementApplicationTests does not declare any static, non-private, non-final, nested classes annotated with @Configuration.
15:28:01.274 [main] INFO org.springframework.boot.test.context.SpringBootTestContextBootstrapper -- Found @SpringBootConfiguration com.itheima.TliasWebManagementApplication for test class com.itheima.TliasWebManagementApplicationTests

  .   ____          _            __ _ _
 /\\ / ___'_ __ _ _(_)_ __  __ _ \ \ \ \
( ( )\___ | '_ | '_| | '_ \/ _` | \ \ \ \
 \\/  ___)| |_)| | | | | || (_| |  ) ) ) )
  '  |____| .__|_| |_|_| |_\__, | / / / /
 =========|_|==============|___/=/_/_/_/
 :: Spring Boot ::                (v3.1.6)

2025-03-28T15:28:01.688+08:00  INFO 29864 --- [           main] c.i.TliasWebManagementApplicationTests   : Starting TliasWebManagementApplicationTests using Java 21.0.6 with PID 29864 (started by XDH in D:\code\web-project01\tlias-web-management2)
2025-03-28T15:28:01.689+08:00  INFO 29864 --- [           main] c.i.TliasWebManagementApplicationTests   : No active profile set, falling back to 1 default profile: "default"
2025-03-28T15:28:03.318+08:00  INFO 29864 --- [           main] o.s.b.a.e.web.EndpointLinksResolver      : Exposing 1 endpoint(s) beneath base path '/actuator'
2025-03-28T15:28:03.358+08:00  INFO 29864 --- [           main] c.i.TliasWebManagementApplicationTests   : Started TliasWebManagementApplicationTests in 1.917 seconds (process running for 3.033)
]]></system-out>
    <system-err><![CDATA[WARNING: A Java agent has been loaded dynamically (D:\software\apache-maven-3.9.4\mvn_reppo\net\bytebuddy\byte-buddy-agent\1.14.10\byte-buddy-agent-1.14.10.jar)
WARNING: If a serviceability tool is in use, please run with -XX:+EnableDynamicAgentLoading to hide this warning
WARNING: If a serviceability tool is not in use, please run with -Djdk.instrument.traceUsage for more information
WARNING: Dynamic loading of agents will be disallowed by default in a future release
]]></system-err>
  </testcase>
</testsuite>